2020-01-06 12:54:59.573  INFO 4984 --- [main] com.course.Application                   : Starting Application on DESKTOP-ASH3P1V with PID 4984 (started by zxs in C:\HS\12章和13章代码。可以跑通的\Chapter13)
2020-01-06 12:54:59.577  INFO 4984 --- [main] com.course.Application                   : No active profile set, falling back to default profiles: default
2020-01-06 12:54:59.623  INFO 4984 --- [main] ationConfigEmbeddedWebApplicationContext : Refreshing org.springframework.boot.context.embedded.AnnotationConfigEmbeddedWebApplicationContext@5a63f509: startup date [Mon Jan 06 12:54:59 CST 2020]; root of context hierarchy
2020-01-06 12:55:00.606  WARN 4984 --- [main] o.m.s.mapper.ClassPathMapperScanner      : No MyBatis mapper was found in '[com.course]' package. Please check your configuration.
2020-01-06 12:55:00.937  INFO 4984 --- [main] trationDelegate$BeanPostProcessorChecker : Bean 'org.springframework.transaction.annotation.ProxyTransactionManagementConfiguration' of type [org.springframework.transaction.annotation.ProxyTransactionManagementConfiguration$$EnhancerBySpringCGLIB$$fa80b3a7] is not eligible for getting processed by all BeanPostProcessors (for example: not eligible for auto-proxying)
2020-01-06 12:55:01.137  INFO 4984 --- [main] s.b.c.e.t.TomcatEmbeddedServletContainer : Tomcat initialized with port(s): 8888 (http)
2020-01-06 12:55:01.147  INFO 4984 --- [main] o.apache.catalina.core.StandardService   : Starting service Tomcat
2020-01-06 12:55:01.148  INFO 4984 --- [main] org.apache.catalina.core.StandardEngine  : Starting Servlet Engine: Apache Tomcat/8.5.14
2020-01-06 12:55:01.230  INFO 4984 --- [localhost-startStop-1] o.a.c.c.C.[Tomcat].[localhost].[/]       : Initializing Spring embedded WebApplicationContext
2020-01-06 12:55:01.230  INFO 4984 --- [localhost-startStop-1] o.s.web.context.ContextLoader            : Root WebApplicationContext: initialization completed in 1607 ms
2020-01-06 12:55:01.337  INFO 4984 --- [localhost-startStop-1] o.s.b.w.servlet.ServletRegistrationBean  : Mapping servlet: 'dispatcherServlet' to [/]
2020-01-06 12:55:01.340  INFO 4984 --- [localhost-startStop-1] o.s.b.w.servlet.FilterRegistrationBean   : Mapping filter: 'characterEncodingFilter' to: [/*]
2020-01-06 12:55:01.341  INFO 4984 --- [localhost-startStop-1] o.s.b.w.servlet.FilterRegistrationBean   : Mapping filter: 'hiddenHttpMethodFilter' to: [/*]
2020-01-06 12:55:01.341  INFO 4984 --- [localhost-startStop-1] o.s.b.w.servlet.FilterRegistrationBean   : Mapping filter: 'httpPutFormContentFilter' to: [/*]
2020-01-06 12:55:01.342  INFO 4984 --- [localhost-startStop-1] o.s.b.w.servlet.FilterRegistrationBean   : Mapping filter: 'requestContextFilter' to: [/*]
2020-01-06 12:55:02.104  INFO 4984 --- [main] s.w.s.m.m.a.RequestMappingHandlerMapping : Mapped "{[/v1/getUserInfo],methods=[POST]}" onto public java.util.List<com.course.model.User> com.course.controller.UserManager.getUserInfo(javax.servlet.http.HttpServletRequest,com.course.model.User)
2020-01-06 12:55:02.106  INFO 4984 --- [main] s.w.s.m.m.a.RequestMappingHandlerMapping : Mapped "{[/v1/login],methods=[POST]}" onto private java.lang.Boolean com.course.controller.UserManager.login(javax.servlet.http.HttpServletResponse,com.course.model.User)
2020-01-06 12:55:02.106  INFO 4984 --- [main] s.w.s.m.m.a.RequestMappingHandlerMapping : Mapped "{[/v1/updateUserInfo],methods=[POST]}" onto public int com.course.controller.UserManager.updateUser(javax.servlet.http.HttpServletRequest,com.course.model.User)
2020-01-06 12:55:02.107  INFO 4984 --- [main] s.w.s.m.m.a.RequestMappingHandlerMapping : Mapped "{[/v1/addUser],methods=[POST]}" onto public boolean com.course.controller.UserManager.addUser(javax.servlet.http.HttpServletRequest,com.course.model.User)
2020-01-06 12:55:02.108  INFO 4984 --- [main] s.w.s.m.m.a.RequestMappingHandlerMapping : Mapped "{[/v2/api-docs],methods=[GET],produces=[application/json || application/hal+json]}" onto public org.springframework.http.ResponseEntity<springfox.documentation.spring.web.json.Json> springfox.documentation.swagger2.web.Swagger2Controller.getDocumentation(java.lang.String,javax.servlet.http.HttpServletRequest)
2020-01-06 12:55:02.111  INFO 4984 --- [main] s.w.s.m.m.a.RequestMappingHandlerMapping : Mapped "{[/swagger-resources/configuration/security]}" onto org.springframework.http.ResponseEntity<springfox.documentation.swagger.web.SecurityConfiguration> springfox.documentation.swagger.web.ApiResourceController.securityConfiguration()
2020-01-06 12:55:02.112  INFO 4984 --- [main] s.w.s.m.m.a.RequestMappingHandlerMapping : Mapped "{[/swagger-resources/configuration/ui]}" onto org.springframework.http.ResponseEntity<springfox.documentation.swagger.web.UiConfiguration> springfox.documentation.swagger.web.ApiResourceController.uiConfiguration()
2020-01-06 12:55:02.113  INFO 4984 --- [main] s.w.s.m.m.a.RequestMappingHandlerMapping : Mapped "{[/swagger-resources]}" onto org.springframework.http.ResponseEntity<java.util.List<springfox.documentation.swagger.web.SwaggerResource>> springfox.documentation.swagger.web.ApiResourceController.swaggerResources()
2020-01-06 12:55:02.115  INFO 4984 --- [main] s.w.s.m.m.a.RequestMappingHandlerMapping : Mapped "{[/error]}" onto public org.springframework.http.ResponseEntity<java.util.Map<java.lang.String, java.lang.Object>> org.springframework.boot.autoconfigure.web.BasicErrorController.error(javax.servlet.http.HttpServletRequest)
2020-01-06 12:55:02.116  INFO 4984 --- [main] s.w.s.m.m.a.RequestMappingHandlerMapping : Mapped "{[/error],produces=[text/html]}" onto public org.springframework.web.servlet.ModelAndView org.springframework.boot.autoconfigure.web.BasicErrorController.errorHtml(javax.servlet.http.HttpServletRequest,javax.servlet.http.HttpServletResponse)
2020-01-06 12:55:02.274  INFO 4984 --- [main] s.w.s.m.m.a.RequestMappingHandlerAdapter : Looking for @ControllerAdvice: org.springframework.boot.context.embedded.AnnotationConfigEmbeddedWebApplicationContext@5a63f509: startup date [Mon Jan 06 12:54:59 CST 2020]; root of context hierarchy
2020-01-06 12:55:02.317  INFO 4984 --- [main] o.s.w.s.handler.SimpleUrlHandlerMapping  : Mapped URL path [/webjars/**] onto handler of type [class org.springframework.web.servlet.resource.ResourceHttpRequestHandler]
2020-01-06 12:55:02.317  INFO 4984 --- [main] o.s.w.s.handler.SimpleUrlHandlerMapping  : Mapped URL path [/**] onto handler of type [class org.springframework.web.servlet.resource.ResourceHttpRequestHandler]
2020-01-06 12:55:02.367  INFO 4984 --- [main] o.s.w.s.handler.SimpleUrlHandlerMapping  : Mapped URL path [/**/favicon.ico] onto handler of type [class org.springframework.web.servlet.resource.ResourceHttpRequestHandler]
2020-01-06 12:55:02.620  INFO 4984 --- [main] o.s.j.e.a.AnnotationMBeanExporter        : Registering beans for JMX exposure on startup
2020-01-06 12:55:02.627  INFO 4984 --- [main] o.s.c.support.DefaultLifecycleProcessor  : Starting beans in phase 2147483647
2020-01-06 12:55:02.627  INFO 4984 --- [main] d.s.w.p.DocumentationPluginsBootstrapper : Context refreshed
2020-01-06 12:55:02.642  INFO 4984 --- [main] d.s.w.p.DocumentationPluginsBootstrapper : Found 1 custom documentation plugin(s)
2020-01-06 12:55:02.652  INFO 4984 --- [main] s.d.s.w.s.ApiListingReferenceScanner     : Scanning for api listing references
2020-01-06 12:55:02.866  INFO 4984 --- [main] s.b.c.e.t.TomcatEmbeddedServletContainer : Tomcat started on port(s): 8888 (http)
2020-01-06 12:55:02.871  INFO 4984 --- [main] com.course.Application                   : Started Application in 3.631 seconds (JVM running for 4.857)
2020-01-06 13:40:34.786  INFO 20752 --- [main] com.course.Application                   : Starting Application on DESKTOP-ASH3P1V with PID 20752 (started by zxs in C:\HS\12章和13章代码。可以跑通的\Chapter13)
2020-01-06 13:40:34.791  INFO 20752 --- [main] com.course.Application                   : No active profile set, falling back to default profiles: default
2020-01-06 13:40:34.855  INFO 20752 --- [main] ationConfigEmbeddedWebApplicationContext : Refreshing org.springframework.boot.context.embedded.AnnotationConfigEmbeddedWebApplicationContext@5a63f509: startup date [Mon Jan 06 13:40:34 CST 2020]; root of context hierarchy
2020-01-06 13:40:35.875  WARN 20752 --- [main] o.m.s.mapper.ClassPathMapperScanner      : No MyBatis mapper was found in '[com.course]' package. Please check your configuration.
2020-01-06 13:40:36.247  INFO 20752 --- [main] trationDelegate$BeanPostProcessorChecker : Bean 'org.springframework.transaction.annotation.ProxyTransactionManagementConfiguration' of type [org.springframework.transaction.annotation.ProxyTransactionManagementConfiguration$$EnhancerBySpringCGLIB$$a9b65755] is not eligible for getting processed by all BeanPostProcessors (for example: not eligible for auto-proxying)
2020-01-06 13:40:36.461  INFO 20752 --- [main] s.b.c.e.t.TomcatEmbeddedServletContainer : Tomcat initialized with port(s): 8888 (http)
2020-01-06 13:40:36.470  INFO 20752 --- [main] o.apache.catalina.core.StandardService   : Starting service Tomcat
2020-01-06 13:40:36.471  INFO 20752 --- [main] org.apache.catalina.core.StandardEngine  : Starting Servlet Engine: Apache Tomcat/8.5.14
2020-01-06 13:40:36.559  INFO 20752 --- [localhost-startStop-1] o.a.c.c.C.[Tomcat].[localhost].[/]       : Initializing Spring embedded WebApplicationContext
2020-01-06 13:40:36.559  INFO 20752 --- [localhost-startStop-1] o.s.web.context.ContextLoader            : Root WebApplicationContext: initialization completed in 1704 ms
2020-01-06 13:40:36.692  INFO 20752 --- [localhost-startStop-1] o.s.b.w.servlet.ServletRegistrationBean  : Mapping servlet: 'dispatcherServlet' to [/]
2020-01-06 13:40:36.699  INFO 20752 --- [localhost-startStop-1] o.s.b.w.servlet.FilterRegistrationBean   : Mapping filter: 'characterEncodingFilter' to: [/*]
2020-01-06 13:40:36.700  INFO 20752 --- [localhost-startStop-1] o.s.b.w.servlet.FilterRegistrationBean   : Mapping filter: 'hiddenHttpMethodFilter' to: [/*]
2020-01-06 13:40:36.701  INFO 20752 --- [localhost-startStop-1] o.s.b.w.servlet.FilterRegistrationBean   : Mapping filter: 'httpPutFormContentFilter' to: [/*]
2020-01-06 13:40:36.701  INFO 20752 --- [localhost-startStop-1] o.s.b.w.servlet.FilterRegistrationBean   : Mapping filter: 'requestContextFilter' to: [/*]
2020-01-06 13:40:37.470  INFO 20752 --- [main] s.w.s.m.m.a.RequestMappingHandlerMapping : Mapped "{[/v1/getUserInfo],methods=[POST]}" onto public java.util.List<com.course.model.User> com.course.controller.UserManager.getUserInfo(javax.servlet.http.HttpServletRequest,com.course.model.User)
2020-01-06 13:40:37.472  INFO 20752 --- [main] s.w.s.m.m.a.RequestMappingHandlerMapping : Mapped "{[/v1/addUser],methods=[POST]}" onto public boolean com.course.controller.UserManager.addUser(javax.servlet.http.HttpServletRequest,com.course.model.User)
2020-01-06 13:40:37.473  INFO 20752 --- [main] s.w.s.m.m.a.RequestMappingHandlerMapping : Mapped "{[/v1/login],methods=[POST]}" onto private java.lang.Boolean com.course.controller.UserManager.login(javax.servlet.http.HttpServletResponse,com.course.model.User)
2020-01-06 13:40:37.474  INFO 20752 --- [main] s.w.s.m.m.a.RequestMappingHandlerMapping : Mapped "{[/v1/updateUserInfo],methods=[POST]}" onto public int com.course.controller.UserManager.updateUser(javax.servlet.http.HttpServletRequest,com.course.model.User)
2020-01-06 13:40:37.476  INFO 20752 --- [main] s.w.s.m.m.a.RequestMappingHandlerMapping : Mapped "{[/v2/api-docs],methods=[GET],produces=[application/json || application/hal+json]}" onto public org.springframework.http.ResponseEntity<springfox.documentation.spring.web.json.Json> springfox.documentation.swagger2.web.Swagger2Controller.getDocumentation(java.lang.String,javax.servlet.http.HttpServletRequest)
2020-01-06 13:40:37.483  INFO 20752 --- [main] s.w.s.m.m.a.RequestMappingHandlerMapping : Mapped "{[/swagger-resources/configuration/security]}" onto org.springframework.http.ResponseEntity<springfox.documentation.swagger.web.SecurityConfiguration> springfox.documentation.swagger.web.ApiResourceController.securityConfiguration()
2020-01-06 13:40:37.485  INFO 20752 --- [main] s.w.s.m.m.a.RequestMappingHandlerMapping : Mapped "{[/swagger-resources/configuration/ui]}" onto org.springframework.http.ResponseEntity<springfox.documentation.swagger.web.UiConfiguration> springfox.documentation.swagger.web.ApiResourceController.uiConfiguration()
2020-01-06 13:40:37.487  INFO 20752 --- [main] s.w.s.m.m.a.RequestMappingHandlerMapping : Mapped "{[/swagger-resources]}" onto org.springframework.http.ResponseEntity<java.util.List<springfox.documentation.swagger.web.SwaggerResource>> springfox.documentation.swagger.web.ApiResourceController.swaggerResources()
2020-01-06 13:40:37.491  INFO 20752 --- [main] s.w.s.m.m.a.RequestMappingHandlerMapping : Mapped "{[/error]}" onto public org.springframework.http.ResponseEntity<java.util.Map<java.lang.String, java.lang.Object>> org.springframework.boot.autoconfigure.web.BasicErrorController.error(javax.servlet.http.HttpServletRequest)
2020-01-06 13:40:37.492  INFO 20752 --- [main] s.w.s.m.m.a.RequestMappingHandlerMapping : Mapped "{[/error],produces=[text/html]}" onto public org.springframework.web.servlet.ModelAndView org.springframework.boot.autoconfigure.web.BasicErrorController.errorHtml(javax.servlet.http.HttpServletRequest,javax.servlet.http.HttpServletResponse)
2020-01-06 13:40:37.689  INFO 20752 --- [main] s.w.s.m.m.a.RequestMappingHandlerAdapter : Looking for @ControllerAdvice: org.springframework.boot.context.embedded.AnnotationConfigEmbeddedWebApplicationContext@5a63f509: startup date [Mon Jan 06 13:40:34 CST 2020]; root of context hierarchy
2020-01-06 13:40:37.778  INFO 20752 --- [main] o.s.w.s.handler.SimpleUrlHandlerMapping  : Mapped URL path [/webjars/**] onto handler of type [class org.springframework.web.servlet.resource.ResourceHttpRequestHandler]
2020-01-06 13:40:37.781  INFO 20752 --- [main] o.s.w.s.handler.SimpleUrlHandlerMapping  : Mapped URL path [/**] onto handler of type [class org.springframework.web.servlet.resource.ResourceHttpRequestHandler]
2020-01-06 13:40:37.833  INFO 20752 --- [main] o.s.w.s.handler.SimpleUrlHandlerMapping  : Mapped URL path [/**/favicon.ico] onto handler of type [class org.springframework.web.servlet.resource.ResourceHttpRequestHandler]
2020-01-06 13:40:38.101  INFO 20752 --- [main] o.s.j.e.a.AnnotationMBeanExporter        : Registering beans for JMX exposure on startup
2020-01-06 13:40:38.108  INFO 20752 --- [main] o.s.c.support.DefaultLifecycleProcessor  : Starting beans in phase 2147483647
2020-01-06 13:40:38.108  INFO 20752 --- [main] d.s.w.p.DocumentationPluginsBootstrapper : Context refreshed
2020-01-06 13:40:38.121  INFO 20752 --- [main] d.s.w.p.DocumentationPluginsBootstrapper : Found 1 custom documentation plugin(s)
2020-01-06 13:40:38.132  INFO 20752 --- [main] s.d.s.w.s.ApiListingReferenceScanner     : Scanning for api listing references
2020-01-06 13:40:38.400  INFO 20752 --- [main] s.b.c.e.t.TomcatEmbeddedServletContainer : Tomcat started on port(s): 8888 (http)
2020-01-06 13:40:38.407  INFO 20752 --- [main] com.course.Application                   : Started Application in 4.049 seconds (JVM running for 5.799)
2020-01-06 13:42:07.942  INFO 26760 --- [main] com.course.Application                   : Starting Application on DESKTOP-ASH3P1V with PID 26760 (started by zxs in C:\HS\12章和13章代码。可以跑通的\Chapter13)
2020-01-06 13:42:07.946  INFO 26760 --- [main] com.course.Application                   : No active profile set, falling back to default profiles: default
2020-01-06 13:42:08.001  INFO 26760 --- [main] ationConfigEmbeddedWebApplicationContext : Refreshing org.springframework.boot.context.embedded.AnnotationConfigEmbeddedWebApplicationContext@17046283: startup date [Mon Jan 06 13:42:08 CST 2020]; root of context hierarchy
2020-01-06 13:42:08.806  WARN 26760 --- [main] o.m.s.mapper.ClassPathMapperScanner      : No MyBatis mapper was found in '[com.course]' package. Please check your configuration.
2020-01-06 13:42:09.087  INFO 26760 --- [main] trationDelegate$BeanPostProcessorChecker : Bean 'org.springframework.transaction.annotation.ProxyTransactionManagementConfiguration' of type [org.springframework.transaction.annotation.ProxyTransactionManagementConfiguration$$EnhancerBySpringCGLIB$$b34d2869] is not eligible for getting processed by all BeanPostProcessors (for example: not eligible for auto-proxying)
2020-01-06 13:42:09.270  INFO 26760 --- [main] s.b.c.e.t.TomcatEmbeddedServletContainer : Tomcat initialized with port(s): 8888 (http)
2020-01-06 13:42:09.277  INFO 26760 --- [main] o.apache.catalina.core.StandardService   : Starting service Tomcat
2020-01-06 13:42:09.278  INFO 26760 --- [main] org.apache.catalina.core.StandardEngine  : Starting Servlet Engine: Apache Tomcat/8.5.14
2020-01-06 13:42:09.352  INFO 26760 --- [localhost-startStop-1] o.a.c.c.C.[Tomcat].[localhost].[/]       : Initializing Spring embedded WebApplicationContext
2020-01-06 13:42:09.352  INFO 26760 --- [localhost-startStop-1] o.s.web.context.ContextLoader            : Root WebApplicationContext: initialization completed in 1351 ms
2020-01-06 13:42:09.456  INFO 26760 --- [localhost-startStop-1] o.s.b.w.servlet.ServletRegistrationBean  : Mapping servlet: 'dispatcherServlet' to [/]
2020-01-06 13:42:09.459  INFO 26760 --- [localhost-startStop-1] o.s.b.w.servlet.FilterRegistrationBean   : Mapping filter: 'characterEncodingFilter' to: [/*]
2020-01-06 13:42:09.460  INFO 26760 --- [localhost-startStop-1] o.s.b.w.servlet.FilterRegistrationBean   : Mapping filter: 'hiddenHttpMethodFilter' to: [/*]
2020-01-06 13:42:09.460  INFO 26760 --- [localhost-startStop-1] o.s.b.w.servlet.FilterRegistrationBean   : Mapping filter: 'httpPutFormContentFilter' to: [/*]
2020-01-06 13:42:09.460  INFO 26760 --- [localhost-startStop-1] o.s.b.w.servlet.FilterRegistrationBean   : Mapping filter: 'requestContextFilter' to: [/*]
2020-01-06 13:42:10.108  INFO 26760 --- [main] s.w.s.m.m.a.RequestMappingHandlerMapping : Mapped "{[/v1/getUserInfo],methods=[POST]}" onto public java.util.List<com.course.model.User> com.course.controller.UserManager.getUserInfo(javax.servlet.http.HttpServletRequest,com.course.model.User)
2020-01-06 13:42:10.110  INFO 26760 --- [main] s.w.s.m.m.a.RequestMappingHandlerMapping : Mapped "{[/v1/addUser],methods=[POST]}" onto public boolean com.course.controller.UserManager.addUser(javax.servlet.http.HttpServletRequest,com.course.model.User)
2020-01-06 13:42:10.110  INFO 26760 --- [main] s.w.s.m.m.a.RequestMappingHandlerMapping : Mapped "{[/v1/updateUserInfo],methods=[POST]}" onto public int com.course.controller.UserManager.updateUser(javax.servlet.http.HttpServletRequest,com.course.model.User)
2020-01-06 13:42:10.111  INFO 26760 --- [main] s.w.s.m.m.a.RequestMappingHandlerMapping : Mapped "{[/v1/login],methods=[POST]}" onto private java.lang.Boolean com.course.controller.UserManager.login(javax.servlet.http.HttpServletResponse,com.course.model.User)
2020-01-06 13:42:10.111  INFO 26760 --- [main] s.w.s.m.m.a.RequestMappingHandlerMapping : Mapped "{[/v2/api-docs],methods=[GET],produces=[application/json || application/hal+json]}" onto public org.springframework.http.ResponseEntity<springfox.documentation.spring.web.json.Json> springfox.documentation.swagger2.web.Swagger2Controller.getDocumentation(java.lang.String,javax.servlet.http.HttpServletRequest)
2020-01-06 13:42:10.114  INFO 26760 --- [main] s.w.s.m.m.a.RequestMappingHandlerMapping : Mapped "{[/swagger-resources/configuration/security]}" onto org.springframework.http.ResponseEntity<springfox.documentation.swagger.web.SecurityConfiguration> springfox.documentation.swagger.web.ApiResourceController.securityConfiguration()
2020-01-06 13:42:10.115  INFO 26760 --- [main] s.w.s.m.m.a.RequestMappingHandlerMapping : Mapped "{[/swagger-resources/configuration/ui]}" onto org.springframework.http.ResponseEntity<springfox.documentation.swagger.web.UiConfiguration> springfox.documentation.swagger.web.ApiResourceController.uiConfiguration()
2020-01-06 13:42:10.116  INFO 26760 --- [main] s.w.s.m.m.a.RequestMappingHandlerMapping : Mapped "{[/swagger-resources]}" onto org.springframework.http.ResponseEntity<java.util.List<springfox.documentation.swagger.web.SwaggerResource>> springfox.documentation.swagger.web.ApiResourceController.swaggerResources()
2020-01-06 13:42:10.118  INFO 26760 --- [main] s.w.s.m.m.a.RequestMappingHandlerMapping : Mapped "{[/error]}" onto public org.springframework.http.ResponseEntity<java.util.Map<java.lang.String, java.lang.Object>> org.springframework.boot.autoconfigure.web.BasicErrorController.error(javax.servlet.http.HttpServletRequest)
2020-01-06 13:42:10.119  INFO 26760 --- [main] s.w.s.m.m.a.RequestMappingHandlerMapping : Mapped "{[/error],produces=[text/html]}" onto public org.springframework.web.servlet.ModelAndView org.springframework.boot.autoconfigure.web.BasicErrorController.errorHtml(javax.servlet.http.HttpServletRequest,javax.servlet.http.HttpServletResponse)
2020-01-06 13:42:10.230  INFO 26760 --- [main] s.w.s.m.m.a.RequestMappingHandlerAdapter : Looking for @ControllerAdvice: org.springframework.boot.context.embedded.AnnotationConfigEmbeddedWebApplicationContext@17046283: startup date [Mon Jan 06 13:42:08 CST 2020]; root of context hierarchy
2020-01-06 13:42:10.266  INFO 26760 --- [main] o.s.w.s.handler.SimpleUrlHandlerMapping  : Mapped URL path [/webjars/**] onto handler of type [class org.springframework.web.servlet.resource.ResourceHttpRequestHandler]
2020-01-06 13:42:10.267  INFO 26760 --- [main] o.s.w.s.handler.SimpleUrlHandlerMapping  : Mapped URL path [/**] onto handler of type [class org.springframework.web.servlet.resource.ResourceHttpRequestHandler]
2020-01-06 13:42:10.293  INFO 26760 --- [main] o.s.w.s.handler.SimpleUrlHandlerMapping  : Mapped URL path [/**/favicon.ico] onto handler of type [class org.springframework.web.servlet.resource.ResourceHttpRequestHandler]
2020-01-06 13:42:10.496  INFO 26760 --- [main] o.s.j.e.a.AnnotationMBeanExporter        : Registering beans for JMX exposure on startup
2020-01-06 13:42:10.502  INFO 26760 --- [main] o.s.c.support.DefaultLifecycleProcessor  : Starting beans in phase 2147483647
2020-01-06 13:42:10.502  INFO 26760 --- [main] d.s.w.p.DocumentationPluginsBootstrapper : Context refreshed
2020-01-06 13:42:10.513  INFO 26760 --- [main] d.s.w.p.DocumentationPluginsBootstrapper : Found 1 custom documentation plugin(s)
2020-01-06 13:42:10.522  INFO 26760 --- [main] s.d.s.w.s.ApiListingReferenceScanner     : Scanning for api listing references
2020-01-06 13:42:10.764  INFO 26760 --- [main] s.b.c.e.t.TomcatEmbeddedServletContainer : Tomcat started on port(s): 8888 (http)
2020-01-06 13:42:10.769  INFO 26760 --- [main] com.course.Application                   : Started Application in 3.177 seconds (JVM running for 4.511)
2020-01-06 13:44:01.981  INFO 26760 --- [http-nio-8888-exec-1] o.a.c.c.C.[Tomcat].[localhost].[/]       : Initializing Spring FrameworkServlet 'dispatcherServlet'
2020-01-06 13:44:01.981  INFO 26760 --- [http-nio-8888-exec-1] o.s.web.servlet.DispatcherServlet        : FrameworkServlet 'dispatcherServlet': initialization started
2020-01-06 13:44:02.001  INFO 26760 --- [http-nio-8888-exec-1] o.s.web.servlet.DispatcherServlet        : FrameworkServlet 'dispatcherServlet': initialization completed in 19 ms
2020-01-06 13:44:02.975  INFO 26760 --- [http-nio-8888-exec-1] com.course.controller.UserManager        : 查询到的结果是：1
2020-01-06 13:44:02.976  INFO 26760 --- [http-nio-8888-exec-1] com.course.controller.UserManager        : 登录用户是：zhangsan
2020-01-06 13:44:03.037  INFO 26760 --- [http-nio-8888-exec-2] com.course.controller.UserManager        : 查询到的结果是：0
2020-01-06 13:44:03.074  INFO 26760 --- [http-nio-8888-exec-3] com.course.controller.UserManager        : cookies验证通过
2020-01-06 13:44:03.083  INFO 26760 --- [http-nio-8888-exec-3] com.course.controller.UserManager        : 添加用户数量是：1
2020-01-06 13:44:09.145  INFO 26760 --- [http-nio-8888-exec-4] com.course.controller.UserManager        : cookies验证通过
2020-01-06 13:44:09.179  INFO 26760 --- [http-nio-8888-exec-4] com.course.controller.UserManager        : 获取到的用户数量是5
2020-01-06 13:44:09.279  INFO 26760 --- [http-nio-8888-exec-5] com.course.controller.UserManager        : cookies验证通过
2020-01-06 13:44:09.281  INFO 26760 --- [http-nio-8888-exec-5] com.course.controller.UserManager        : 获取到的用户数量是1
2020-01-06 13:44:09.328  INFO 26760 --- [http-nio-8888-exec-6] com.course.controller.UserManager        : cookies验证通过
2020-01-06 13:44:09.336  INFO 26760 --- [http-nio-8888-exec-6] com.course.controller.UserManager        : 更新数据的条目数为：1
2020-01-06 13:44:09.392  INFO 26760 --- [http-nio-8888-exec-7] com.course.controller.UserManager        : cookies验证通过
2020-01-06 13:44:09.397  INFO 26760 --- [http-nio-8888-exec-7] com.course.controller.UserManager        : 更新数据的条目数为：1
2020-01-06 14:04:49.094  INFO 26760 --- [http-nio-8888-exec-9] com.course.controller.UserManager        : 查询到的结果是：1
2020-01-06 14:04:49.094  INFO 26760 --- [http-nio-8888-exec-9] com.course.controller.UserManager        : 登录用户是：zhangsan
2020-01-06 14:04:49.147  INFO 26760 --- [http-nio-8888-exec-10] com.course.controller.UserManager        : 查询到的结果是：1
2020-01-06 14:04:49.148  INFO 26760 --- [http-nio-8888-exec-10] com.course.controller.UserManager        : 登录用户是：zhangsanerror
2020-01-06 14:04:49.194  INFO 26760 --- [http-nio-8888-exec-1] com.course.controller.UserManager        : cookies验证通过
2020-01-06 14:04:49.198  INFO 26760 --- [http-nio-8888-exec-1] com.course.controller.UserManager        : 添加用户数量是：1
2020-01-06 14:04:52.263  INFO 26760 --- [http-nio-8888-exec-2] com.course.controller.UserManager        : cookies验证通过
2020-01-06 14:04:52.273  INFO 26760 --- [http-nio-8888-exec-2] com.course.controller.UserManager        : 获取到的用户数量是6
2020-01-06 14:04:52.372  INFO 26760 --- [http-nio-8888-exec-3] com.course.controller.UserManager        : cookies验证通过
2020-01-06 14:04:52.375  INFO 26760 --- [http-nio-8888-exec-3] com.course.controller.UserManager        : 获取到的用户数量是1
2020-01-06 14:04:52.428  INFO 26760 --- [http-nio-8888-exec-4] com.course.controller.UserManager        : cookies验证通过
2020-01-06 14:04:52.433  INFO 26760 --- [http-nio-8888-exec-4] com.course.controller.UserManager        : 更新数据的条目数为：1
2020-01-06 14:04:55.465  INFO 26760 --- [http-nio-8888-exec-5] com.course.controller.UserManager        : cookies验证通过
2020-01-06 14:04:55.470  INFO 26760 --- [http-nio-8888-exec-5] com.course.controller.UserManager        : 更新数据的条目数为：1
2020-01-06 14:06:03.840  INFO 26760 --- [http-nio-8888-exec-7] com.course.controller.UserManager        : 查询到的结果是：1
2020-01-06 14:06:03.840  INFO 26760 --- [http-nio-8888-exec-7] com.course.controller.UserManager        : 登录用户是：zhangsan
2020-01-06 14:06:03.891  INFO 26760 --- [http-nio-8888-exec-8] com.course.controller.UserManager        : 查询到的结果是：1
2020-01-06 14:06:03.891  INFO 26760 --- [http-nio-8888-exec-8] com.course.controller.UserManager        : 登录用户是：zhangsanerror
2020-01-06 14:06:03.937  INFO 26760 --- [http-nio-8888-exec-9] com.course.controller.UserManager        : cookies验证通过
2020-01-06 14:06:03.940  INFO 26760 --- [http-nio-8888-exec-9] com.course.controller.UserManager        : 添加用户数量是：1
2020-01-06 14:06:06.987  INFO 26760 --- [http-nio-8888-exec-10] com.course.controller.UserManager        : cookies验证通过
2020-01-06 14:06:06.990  INFO 26760 --- [http-nio-8888-exec-10] com.course.controller.UserManager        : 获取到的用户数量是4
2020-01-06 14:06:07.077  INFO 26760 --- [http-nio-8888-exec-1] com.course.controller.UserManager        : cookies验证通过
2020-01-06 14:06:07.080  INFO 26760 --- [http-nio-8888-exec-1] com.course.controller.UserManager        : 获取到的用户数量是1
2020-01-06 14:06:07.118  INFO 26760 --- [http-nio-8888-exec-2] com.course.controller.UserManager        : cookies验证通过
2020-01-06 14:06:07.124  INFO 26760 --- [http-nio-8888-exec-2] com.course.controller.UserManager        : 更新数据的条目数为：1
2020-01-06 14:06:10.158  INFO 26760 --- [http-nio-8888-exec-3] com.course.controller.UserManager        : cookies验证通过
2020-01-06 14:06:10.162  INFO 26760 --- [http-nio-8888-exec-3] com.course.controller.UserManager        : 更新数据的条目数为：1
2020-01-06 14:07:20.764  INFO 26760 --- [http-nio-8888-exec-5] com.course.controller.UserManager        : 查询到的结果是：1
2020-01-06 14:07:20.765  INFO 26760 --- [http-nio-8888-exec-5] com.course.controller.UserManager        : 登录用户是：zhangsan
2020-01-06 14:07:20.832  INFO 26760 --- [http-nio-8888-exec-6] com.course.controller.UserManager        : 查询到的结果是：1
2020-01-06 14:07:20.832  INFO 26760 --- [http-nio-8888-exec-6] com.course.controller.UserManager        : 登录用户是：zhangsanerror
2020-01-06 14:07:20.888  INFO 26760 --- [http-nio-8888-exec-7] com.course.controller.UserManager        : cookies验证通过
2020-01-06 14:07:20.891  INFO 26760 --- [http-nio-8888-exec-7] com.course.controller.UserManager        : 添加用户数量是：1
2020-01-06 14:07:23.936  INFO 26760 --- [http-nio-8888-exec-8] com.course.controller.UserManager        : cookies验证通过
2020-01-06 14:07:23.939  INFO 26760 --- [http-nio-8888-exec-8] com.course.controller.UserManager        : 获取到的用户数量是4
2020-01-06 14:07:24.022  INFO 26760 --- [http-nio-8888-exec-9] com.course.controller.UserManager        : cookies验证通过
2020-01-06 14:07:24.024  INFO 26760 --- [http-nio-8888-exec-9] com.course.controller.UserManager        : 获取到的用户数量是1
2020-01-06 14:07:24.063  INFO 26760 --- [http-nio-8888-exec-10] com.course.controller.UserManager        : cookies验证通过
2020-01-06 14:07:24.066  INFO 26760 --- [http-nio-8888-exec-10] com.course.controller.UserManager        : 更新数据的条目数为：1
2020-01-06 14:07:27.098  INFO 26760 --- [http-nio-8888-exec-1] com.course.controller.UserManager        : cookies验证通过
2020-01-06 14:07:27.102  INFO 26760 --- [http-nio-8888-exec-1] com.course.controller.UserManager        : 更新数据的条目数为：1
2020-01-06 14:09:11.566  INFO 26760 --- [http-nio-8888-exec-3] com.course.controller.UserManager        : 查询到的结果是：1
2020-01-06 14:09:11.567  INFO 26760 --- [http-nio-8888-exec-3] com.course.controller.UserManager        : 登录用户是：zhangsan
2020-01-06 14:09:11.646  INFO 26760 --- [http-nio-8888-exec-4] com.course.controller.UserManager        : 查询到的结果是：1
2020-01-06 14:09:11.646  INFO 26760 --- [http-nio-8888-exec-4] com.course.controller.UserManager        : 登录用户是：zhangsanerror
2020-01-06 14:09:11.712  INFO 26760 --- [http-nio-8888-exec-5] com.course.controller.UserManager        : cookies验证通过
2020-01-06 14:09:11.715  INFO 26760 --- [http-nio-8888-exec-5] com.course.controller.UserManager        : 添加用户数量是：1
2020-01-06 14:09:14.758  INFO 26760 --- [http-nio-8888-exec-6] com.course.controller.UserManager        : cookies验证通过
2020-01-06 14:09:14.762  INFO 26760 --- [http-nio-8888-exec-6] com.course.controller.UserManager        : 获取到的用户数量是4
2020-01-06 14:09:14.835  INFO 26760 --- [http-nio-8888-exec-7] com.course.controller.UserManager        : cookies验证通过
2020-01-06 14:09:14.837  INFO 26760 --- [http-nio-8888-exec-7] com.course.controller.UserManager        : 获取到的用户数量是1
2020-01-06 14:09:14.877  INFO 26760 --- [http-nio-8888-exec-8] com.course.controller.UserManager        : cookies验证通过
2020-01-06 14:09:14.880  INFO 26760 --- [http-nio-8888-exec-8] com.course.controller.UserManager        : 更新数据的条目数为：1
2020-01-06 14:09:17.912  INFO 26760 --- [http-nio-8888-exec-9] com.course.controller.UserManager        : cookies验证通过
2020-01-06 14:09:17.916  INFO 26760 --- [http-nio-8888-exec-9] com.course.controller.UserManager        : 更新数据的条目数为：1
2020-01-06 14:19:25.730  INFO 26760 --- [http-nio-8888-exec-1] com.course.controller.UserManager        : 查询到的结果是：1
2020-01-06 14:19:25.731  INFO 26760 --- [http-nio-8888-exec-1] com.course.controller.UserManager        : 登录用户是：zhangsan
2020-01-06 14:19:25.780  INFO 26760 --- [http-nio-8888-exec-2] com.course.controller.UserManager        : 查询到的结果是：1
2020-01-06 14:19:25.780  INFO 26760 --- [http-nio-8888-exec-2] com.course.controller.UserManager        : 登录用户是：zhangsanerror
2020-01-06 14:19:25.835  INFO 26760 --- [http-nio-8888-exec-3] com.course.controller.UserManager        : cookies验证通过
2020-01-06 14:19:25.839  INFO 26760 --- [http-nio-8888-exec-3] com.course.controller.UserManager        : 添加用户数量是：1
2020-01-06 14:19:35.883  INFO 26760 --- [http-nio-8888-exec-4] com.course.controller.UserManager        : cookies验证通过
2020-01-06 14:19:35.887  INFO 26760 --- [http-nio-8888-exec-4] com.course.controller.UserManager        : 获取到的用户数量是5
2020-01-06 14:19:35.959  INFO 26760 --- [http-nio-8888-exec-5] com.course.controller.UserManager        : cookies验证通过
2020-01-06 14:19:35.961  INFO 26760 --- [http-nio-8888-exec-5] com.course.controller.UserManager        : 获取到的用户数量是1
2020-01-06 14:19:35.998  INFO 26760 --- [http-nio-8888-exec-6] com.course.controller.UserManager        : cookies验证通过
2020-01-06 14:19:36.001  INFO 26760 --- [http-nio-8888-exec-6] com.course.controller.UserManager        : 更新数据的条目数为：1
2020-01-06 14:19:39.036  INFO 26760 --- [http-nio-8888-exec-7] com.course.controller.UserManager        : cookies验证通过
2020-01-06 14:19:39.040  INFO 26760 --- [http-nio-8888-exec-7] com.course.controller.UserManager        : 更新数据的条目数为：1
2020-01-06 14:21:13.256  INFO 26760 --- [http-nio-8888-exec-9] com.course.controller.UserManager        : 查询到的结果是：1
2020-01-06 14:21:13.256  INFO 26760 --- [http-nio-8888-exec-9] com.course.controller.UserManager        : 登录用户是：zhangsan
2020-01-06 14:21:13.334  INFO 26760 --- [http-nio-8888-exec-10] com.course.controller.UserManager        : 查询到的结果是：1
2020-01-06 14:21:13.334  INFO 26760 --- [http-nio-8888-exec-10] com.course.controller.UserManager        : 登录用户是：zhangsanerror
2020-01-06 14:21:13.397  INFO 26760 --- [http-nio-8888-exec-1] com.course.controller.UserManager        : cookies验证通过
2020-01-06 14:21:13.401  INFO 26760 --- [http-nio-8888-exec-1] com.course.controller.UserManager        : 添加用户数量是：1
2020-01-06 14:21:23.444  INFO 26760 --- [http-nio-8888-exec-2] com.course.controller.UserManager        : cookies验证通过
2020-01-06 14:21:23.447  INFO 26760 --- [http-nio-8888-exec-2] com.course.controller.UserManager        : 获取到的用户数量是5
2020-01-06 14:21:23.520  INFO 26760 --- [http-nio-8888-exec-3] com.course.controller.UserManager        : cookies验证通过
2020-01-06 14:21:23.521  INFO 26760 --- [http-nio-8888-exec-3] com.course.controller.UserManager        : 获取到的用户数量是1
2020-01-06 14:21:23.556  INFO 26760 --- [http-nio-8888-exec-4] com.course.controller.UserManager        : cookies验证通过
2020-01-06 14:21:23.561  INFO 26760 --- [http-nio-8888-exec-4] com.course.controller.UserManager        : 更新数据的条目数为：1
2020-01-06 14:21:33.592  INFO 26760 --- [http-nio-8888-exec-5] com.course.controller.UserManager        : cookies验证通过
2020-01-06 14:21:33.597  INFO 26760 --- [http-nio-8888-exec-5] com.course.controller.UserManager        : 更新数据的条目数为：1
2020-01-06 14:29:28.126  INFO 26760 --- [http-nio-8888-exec-7] com.course.controller.UserManager        : 查询到的结果是：1
2020-01-06 14:29:28.127  INFO 26760 --- [http-nio-8888-exec-7] com.course.controller.UserManager        : 登录用户是：zhangsan
2020-01-06 14:29:28.179  INFO 26760 --- [http-nio-8888-exec-8] com.course.controller.UserManager        : 查询到的结果是：1
2020-01-06 14:29:28.179  INFO 26760 --- [http-nio-8888-exec-8] com.course.controller.UserManager        : 登录用户是：zhangsanerror
2020-01-06 14:29:28.219  INFO 26760 --- [http-nio-8888-exec-9] com.course.controller.UserManager        : cookies验证通过
2020-01-06 14:29:28.224  INFO 26760 --- [http-nio-8888-exec-9] com.course.controller.UserManager        : 添加用户数量是：1
2020-01-06 14:29:38.266  INFO 26760 --- [http-nio-8888-exec-10] com.course.controller.UserManager        : cookies验证通过
2020-01-06 14:29:38.269  INFO 26760 --- [http-nio-8888-exec-10] com.course.controller.UserManager        : 获取到的用户数量是3
2020-01-06 14:29:38.343  INFO 26760 --- [http-nio-8888-exec-1] com.course.controller.UserManager        : cookies验证通过
2020-01-06 14:29:38.345  INFO 26760 --- [http-nio-8888-exec-1] com.course.controller.UserManager        : 获取到的用户数量是1
2020-01-06 14:29:38.374  INFO 26760 --- [http-nio-8888-exec-2] com.course.controller.UserManager        : cookies验证通过
2020-01-06 14:29:38.378  INFO 26760 --- [http-nio-8888-exec-2] com.course.controller.UserManager        : 更新数据的条目数为：1
2020-01-06 14:29:48.414  INFO 26760 --- [http-nio-8888-exec-3] com.course.controller.UserManager        : cookies验证通过
2020-01-06 14:29:48.419  INFO 26760 --- [http-nio-8888-exec-3] com.course.controller.UserManager        : 更新数据的条目数为：1
2020-01-06 14:30:17.511  INFO 26760 --- [http-nio-8888-exec-5] com.course.controller.UserManager        : 查询到的结果是：1
2020-01-06 14:30:17.512  INFO 26760 --- [http-nio-8888-exec-5] com.course.controller.UserManager        : 登录用户是：zhangsan
2020-01-06 14:30:17.562  INFO 26760 --- [http-nio-8888-exec-6] com.course.controller.UserManager        : 查询到的结果是：1
2020-01-06 14:30:17.562  INFO 26760 --- [http-nio-8888-exec-6] com.course.controller.UserManager        : 登录用户是：zhangsanerror
2020-01-06 14:30:17.610  INFO 26760 --- [http-nio-8888-exec-7] com.course.controller.UserManager        : cookies验证通过
2020-01-06 14:30:17.615  INFO 26760 --- [http-nio-8888-exec-7] com.course.controller.UserManager        : 添加用户数量是：1
2020-01-06 14:30:27.656  INFO 26760 --- [http-nio-8888-exec-8] com.course.controller.UserManager        : cookies验证通过
2020-01-06 14:30:27.658  INFO 26760 --- [http-nio-8888-exec-8] com.course.controller.UserManager        : 获取到的用户数量是4
2020-01-06 14:30:27.739  INFO 26760 --- [http-nio-8888-exec-9] com.course.controller.UserManager        : cookies验证通过
2020-01-06 14:30:27.741  INFO 26760 --- [http-nio-8888-exec-9] com.course.controller.UserManager        : 获取到的用户数量是1
2020-01-06 14:30:27.770  INFO 26760 --- [http-nio-8888-exec-10] com.course.controller.UserManager        : cookies验证通过
2020-01-06 14:30:27.776  INFO 26760 --- [http-nio-8888-exec-10] com.course.controller.UserManager        : 更新数据的条目数为：1
2020-01-06 14:30:37.811  INFO 26760 --- [http-nio-8888-exec-1] com.course.controller.UserManager        : cookies验证通过
2020-01-06 14:30:37.815  INFO 26760 --- [http-nio-8888-exec-1] com.course.controller.UserManager        : 更新数据的条目数为：1
2020-01-06 14:31:32.702  INFO 26760 --- [http-nio-8888-exec-3] com.course.controller.UserManager        : 查询到的结果是：1
2020-01-06 14:31:32.703  INFO 26760 --- [http-nio-8888-exec-3] com.course.controller.UserManager        : 登录用户是：zhangsan
2020-01-06 14:32:05.142  INFO 26760 --- [http-nio-8888-exec-5] com.course.controller.UserManager        : 查询到的结果是：1
2020-01-06 14:32:05.142  INFO 26760 --- [http-nio-8888-exec-5] com.course.controller.UserManager        : 登录用户是：zhangsan
2020-01-06 14:32:05.219  INFO 26760 --- [http-nio-8888-exec-6] com.course.controller.UserManager        : cookie为空
2020-01-06 14:32:05.252  INFO 26760 --- [http-nio-8888-exec-7] com.course.controller.UserManager        : cookie为空
2020-01-06 14:32:05.281  INFO 26760 --- [http-nio-8888-exec-8] com.course.controller.UserManager        : cookie为空
2020-01-06 14:32:05.282  INFO 26760 --- [http-nio-8888-exec-8] com.course.controller.UserManager        : 更新数据的条目数为：0
2020-01-06 14:32:05.313  INFO 26760 --- [http-nio-8888-exec-9] com.course.controller.UserManager        : cookie为空
2020-01-06 14:32:05.314  INFO 26760 --- [http-nio-8888-exec-9] com.course.controller.UserManager        : 更新数据的条目数为：0
2020-01-06 14:32:43.733  INFO 26760 --- [http-nio-8888-exec-1] com.course.controller.UserManager        : 查询到的结果是：1
2020-01-06 14:32:43.733  INFO 26760 --- [http-nio-8888-exec-1] com.course.controller.UserManager        : 登录用户是：zhangsan
2020-01-06 14:32:43.797  INFO 26760 --- [http-nio-8888-exec-2] com.course.controller.UserManager        : 查询到的结果是：1
2020-01-06 14:32:43.797  INFO 26760 --- [http-nio-8888-exec-2] com.course.controller.UserManager        : 登录用户是：zhangsanerror
2020-01-06 14:32:43.848  INFO 26760 --- [http-nio-8888-exec-3] com.course.controller.UserManager        : cookies验证通过
2020-01-06 14:32:43.853  INFO 26760 --- [http-nio-8888-exec-3] com.course.controller.UserManager        : 添加用户数量是：1
2020-01-06 14:32:53.894  INFO 26760 --- [http-nio-8888-exec-4] com.course.controller.UserManager        : cookies验证通过
2020-01-06 14:32:53.896  INFO 26760 --- [http-nio-8888-exec-4] com.course.controller.UserManager        : 获取到的用户数量是3
2020-01-06 14:32:53.966  INFO 26760 --- [http-nio-8888-exec-5] com.course.controller.UserManager        : cookies验证通过
2020-01-06 14:32:53.968  INFO 26760 --- [http-nio-8888-exec-5] com.course.controller.UserManager        : 获取到的用户数量是1
2020-01-06 14:32:54.000  INFO 26760 --- [http-nio-8888-exec-6] com.course.controller.UserManager        : cookies验证通过
2020-01-06 14:32:54.004  INFO 26760 --- [http-nio-8888-exec-6] com.course.controller.UserManager        : 更新数据的条目数为：1
2020-01-06 14:33:04.042  INFO 26760 --- [http-nio-8888-exec-7] com.course.controller.UserManager        : cookies验证通过
2020-01-06 14:33:04.047  INFO 26760 --- [http-nio-8888-exec-7] com.course.controller.UserManager        : 更新数据的条目数为：1
2020-01-06 14:44:59.053  INFO 29936 --- [main] com.course.Application                   : Starting Application on DESKTOP-ASH3P1V with PID 29936 (started by zxs in C:\HS\12章和13章代码。可以跑通的\Chapter13)
2020-01-06 14:44:59.067  INFO 29936 --- [main] com.course.Application                   : No active profile set, falling back to default profiles: default
2020-01-06 14:44:59.205  INFO 29936 --- [main] ationConfigEmbeddedWebApplicationContext : Refreshing org.springframework.boot.context.embedded.AnnotationConfigEmbeddedWebApplicationContext@5a63f509: startup date [Mon Jan 06 14:44:59 CST 2020]; root of context hierarchy
2020-01-06 14:45:00.762  WARN 29936 --- [main] o.m.s.mapper.ClassPathMapperScanner      : No MyBatis mapper was found in '[com.course]' package. Please check your configuration.
2020-01-06 14:45:01.088  INFO 29936 --- [main] trationDelegate$BeanPostProcessorChecker : Bean 'org.springframework.transaction.annotation.ProxyTransactionManagementConfiguration' of type [org.springframework.transaction.annotation.ProxyTransactionManagementConfiguration$$EnhancerBySpringCGLIB$$4049ab86] is not eligible for getting processed by all BeanPostProcessors (for example: not eligible for auto-proxying)
2020-01-06 14:45:01.354  INFO 29936 --- [main] s.b.c.e.t.TomcatEmbeddedServletContainer : Tomcat initialized with port(s): 8888 (http)
2020-01-06 14:45:01.362  INFO 29936 --- [main] o.apache.catalina.core.StandardService   : Starting service Tomcat
2020-01-06 14:45:01.364  INFO 29936 --- [main] org.apache.catalina.core.StandardEngine  : Starting Servlet Engine: Apache Tomcat/8.5.14
2020-01-06 14:45:01.451  INFO 29936 --- [localhost-startStop-1] o.a.c.c.C.[Tomcat].[localhost].[/]       : Initializing Spring embedded WebApplicationContext
2020-01-06 14:45:01.452  INFO 29936 --- [localhost-startStop-1] o.s.web.context.ContextLoader            : Root WebApplicationContext: initialization completed in 2247 ms
2020-01-06 14:45:01.603  INFO 29936 --- [localhost-startStop-1] o.s.b.w.servlet.ServletRegistrationBean  : Mapping servlet: 'dispatcherServlet' to [/]
2020-01-06 14:45:01.608  INFO 29936 --- [localhost-startStop-1] o.s.b.w.servlet.FilterRegistrationBean   : Mapping filter: 'characterEncodingFilter' to: [/*]
2020-01-06 14:45:01.609  INFO 29936 --- [localhost-startStop-1] o.s.b.w.servlet.FilterRegistrationBean   : Mapping filter: 'hiddenHttpMethodFilter' to: [/*]
2020-01-06 14:45:01.610  INFO 29936 --- [localhost-startStop-1] o.s.b.w.servlet.FilterRegistrationBean   : Mapping filter: 'httpPutFormContentFilter' to: [/*]
2020-01-06 14:45:01.611  INFO 29936 --- [localhost-startStop-1] o.s.b.w.servlet.FilterRegistrationBean   : Mapping filter: 'requestContextFilter' to: [/*]
2020-01-06 14:45:02.398  INFO 29936 --- [main] s.w.s.m.m.a.RequestMappingHandlerMapping : Mapped "{[/v1/getUserInfo],methods=[POST]}" onto public java.util.List<com.course.model.User> com.course.controller.UserManager.getUserInfo(javax.servlet.http.HttpServletRequest,com.course.model.User)
2020-01-06 14:45:02.400  INFO 29936 --- [main] s.w.s.m.m.a.RequestMappingHandlerMapping : Mapped "{[/v1/addUser],methods=[POST]}" onto public boolean com.course.controller.UserManager.addUser(javax.servlet.http.HttpServletRequest,com.course.model.User)
2020-01-06 14:45:02.401  INFO 29936 --- [main] s.w.s.m.m.a.RequestMappingHandlerMapping : Mapped "{[/v1/login],methods=[POST]}" onto private java.lang.Boolean com.course.controller.UserManager.login(javax.servlet.http.HttpServletResponse,com.course.model.User)
2020-01-06 14:45:02.401  INFO 29936 --- [main] s.w.s.m.m.a.RequestMappingHandlerMapping : Mapped "{[/v1/updateUserInfo],methods=[POST]}" onto public int com.course.controller.UserManager.updateUser(javax.servlet.http.HttpServletRequest,com.course.model.User)
2020-01-06 14:45:02.402  INFO 29936 --- [main] s.w.s.m.m.a.RequestMappingHandlerMapping : Mapped "{[/v2/api-docs],methods=[GET],produces=[application/json || application/hal+json]}" onto public org.springframework.http.ResponseEntity<springfox.documentation.spring.web.json.Json> springfox.documentation.swagger2.web.Swagger2Controller.getDocumentation(java.lang.String,javax.servlet.http.HttpServletRequest)
2020-01-06 14:45:02.406  INFO 29936 --- [main] s.w.s.m.m.a.RequestMappingHandlerMapping : Mapped "{[/swagger-resources]}" onto org.springframework.http.ResponseEntity<java.util.List<springfox.documentation.swagger.web.SwaggerResource>> springfox.documentation.swagger.web.ApiResourceController.swaggerResources()
2020-01-06 14:45:02.407  INFO 29936 --- [main] s.w.s.m.m.a.RequestMappingHandlerMapping : Mapped "{[/swagger-resources/configuration/ui]}" onto org.springframework.http.ResponseEntity<springfox.documentation.swagger.web.UiConfiguration> springfox.documentation.swagger.web.ApiResourceController.uiConfiguration()
2020-01-06 14:45:02.409  INFO 29936 --- [main] s.w.s.m.m.a.RequestMappingHandlerMapping : Mapped "{[/swagger-resources/configuration/security]}" onto org.springframework.http.ResponseEntity<springfox.documentation.swagger.web.SecurityConfiguration> springfox.documentation.swagger.web.ApiResourceController.securityConfiguration()
2020-01-06 14:45:02.411  INFO 29936 --- [main] s.w.s.m.m.a.RequestMappingHandlerMapping : Mapped "{[/error]}" onto public org.springframework.http.ResponseEntity<java.util.Map<java.lang.String, java.lang.Object>> org.springframework.boot.autoconfigure.web.BasicErrorController.error(javax.servlet.http.HttpServletRequest)
2020-01-06 14:45:02.412  INFO 29936 --- [main] s.w.s.m.m.a.RequestMappingHandlerMapping : Mapped "{[/error],produces=[text/html]}" onto public org.springframework.web.servlet.ModelAndView org.springframework.boot.autoconfigure.web.BasicErrorController.errorHtml(javax.servlet.http.HttpServletRequest,javax.servlet.http.HttpServletResponse)
2020-01-06 14:45:02.542  INFO 29936 --- [main] s.w.s.m.m.a.RequestMappingHandlerAdapter : Looking for @ControllerAdvice: org.springframework.boot.context.embedded.AnnotationConfigEmbeddedWebApplicationContext@5a63f509: startup date [Mon Jan 06 14:44:59 CST 2020]; root of context hierarchy
2020-01-06 14:45:02.577  INFO 29936 --- [main] o.s.w.s.handler.SimpleUrlHandlerMapping  : Mapped URL path [/webjars/**] onto handler of type [class org.springframework.web.servlet.resource.ResourceHttpRequestHandler]
2020-01-06 14:45:02.577  INFO 29936 --- [main] o.s.w.s.handler.SimpleUrlHandlerMapping  : Mapped URL path [/**] onto handler of type [class org.springframework.web.servlet.resource.ResourceHttpRequestHandler]
2020-01-06 14:45:02.608  INFO 29936 --- [main] o.s.w.s.handler.SimpleUrlHandlerMapping  : Mapped URL path [/**/favicon.ico] onto handler of type [class org.springframework.web.servlet.resource.ResourceHttpRequestHandler]
2020-01-06 14:45:02.852  INFO 29936 --- [main] o.s.j.e.a.AnnotationMBeanExporter        : Registering beans for JMX exposure on startup
2020-01-06 14:45:02.860  INFO 29936 --- [main] o.s.c.support.DefaultLifecycleProcessor  : Starting beans in phase 2147483647
2020-01-06 14:45:02.860  INFO 29936 --- [main] d.s.w.p.DocumentationPluginsBootstrapper : Context refreshed
2020-01-06 14:45:02.877  INFO 29936 --- [main] d.s.w.p.DocumentationPluginsBootstrapper : Found 1 custom documentation plugin(s)
2020-01-06 14:45:02.888  INFO 29936 --- [main] s.d.s.w.s.ApiListingReferenceScanner     : Scanning for api listing references
2020-01-06 14:45:03.136  INFO 29936 --- [main] s.b.c.e.t.TomcatEmbeddedServletContainer : Tomcat started on port(s): 8888 (http)
2020-01-06 14:45:03.141  INFO 29936 --- [main] com.course.Application                   : Started Application in 4.731 seconds (JVM running for 6.216)
2020-01-06 15:23:08.671  INFO 29936 --- [http-nio-8888-exec-1] o.a.c.c.C.[Tomcat].[localhost].[/]       : Initializing Spring FrameworkServlet 'dispatcherServlet'
2020-01-06 15:23:08.671  INFO 29936 --- [http-nio-8888-exec-1] o.s.web.servlet.DispatcherServlet        : FrameworkServlet 'dispatcherServlet': initialization started
2020-01-06 15:23:08.694  INFO 29936 --- [http-nio-8888-exec-1] o.s.web.servlet.DispatcherServlet        : FrameworkServlet 'dispatcherServlet': initialization completed in 22 ms
2020-01-06 15:23:09.719  INFO 29936 --- [http-nio-8888-exec-1] com.course.controller.UserManager        : 查询到的结果是：1
2020-01-06 15:23:09.720  INFO 29936 --- [http-nio-8888-exec-1] com.course.controller.UserManager        : 登录用户是：zhangsan
2020-01-06 15:23:09.777  INFO 29936 --- [http-nio-8888-exec-2] com.course.controller.UserManager        : 查询到的结果是：1
2020-01-06 15:23:09.777  INFO 29936 --- [http-nio-8888-exec-2] com.course.controller.UserManager        : 登录用户是：zhangsanerror
2020-01-06 15:23:09.787  INFO 29936 --- [http-nio-8888-exec-4] com.course.controller.UserManager        : cookies验证通过
2020-01-06 15:23:09.791  INFO 29936 --- [http-nio-8888-exec-4] com.course.controller.UserManager        : 添加用户数量是：1
2020-01-06 15:23:31.955  INFO 29936 --- [http-nio-8888-exec-5] com.course.controller.UserManager        : 查询到的结果是：1
2020-01-06 15:23:31.955  INFO 29936 --- [http-nio-8888-exec-5] com.course.controller.UserManager        : 登录用户是：zhangsan
2020-01-06 15:23:32.026  INFO 29936 --- [http-nio-8888-exec-6] com.course.controller.UserManager        : 查询到的结果是：1
2020-01-06 15:23:32.026  INFO 29936 --- [http-nio-8888-exec-6] com.course.controller.UserManager        : 登录用户是：zhangsanerror
2020-01-06 15:23:32.039  INFO 29936 --- [http-nio-8888-exec-7] com.course.controller.UserManager        : cookies验证通过
2020-01-06 15:23:32.046  INFO 29936 --- [http-nio-8888-exec-7] com.course.controller.UserManager        : 添加用户数量是：1
2020-01-06 15:25:12.444  INFO 29936 --- [http-nio-8888-exec-9] com.course.controller.UserManager        : 查询到的结果是：1
2020-01-06 15:25:12.445  INFO 29936 --- [http-nio-8888-exec-9] com.course.controller.UserManager        : 登录用户是：zhangsan
2020-01-06 15:25:12.513  INFO 29936 --- [http-nio-8888-exec-10] com.course.controller.UserManager        : 查询到的结果是：1
2020-01-06 15:25:12.513  INFO 29936 --- [http-nio-8888-exec-10] com.course.controller.UserManager        : 登录用户是：zhangsanerror
2020-01-06 15:25:12.530  INFO 29936 --- [http-nio-8888-exec-1] com.course.controller.UserManager        : cookies验证通过
2020-01-06 15:25:12.537  INFO 29936 --- [http-nio-8888-exec-1] com.course.controller.UserManager        : 添加用户数量是：1
2020-01-06 15:37:58.652  INFO 29936 --- [http-nio-8888-exec-4] com.course.controller.UserManager        : 查询到的结果是：1
2020-01-06 15:37:58.652  INFO 29936 --- [http-nio-8888-exec-4] com.course.controller.UserManager        : 登录用户是：zhangsan
2020-01-06 15:37:58.715  INFO 29936 --- [http-nio-8888-exec-3] com.course.controller.UserManager        : 查询到的结果是：1
2020-01-06 15:37:58.715  INFO 29936 --- [http-nio-8888-exec-3] com.course.controller.UserManager        : 登录用户是：zhangsanerror
2020-01-06 15:37:58.726  INFO 29936 --- [http-nio-8888-exec-5] com.course.controller.UserManager        : cookies验证通过
2020-01-06 15:37:58.731  INFO 29936 --- [http-nio-8888-exec-5] com.course.controller.UserManager        : 添加用户数量是：1
2020-01-06 15:41:18.136  INFO 29936 --- [http-nio-8888-exec-7] com.course.controller.UserManager        : 查询到的结果是：1
2020-01-06 15:41:18.137  INFO 29936 --- [http-nio-8888-exec-7] com.course.controller.UserManager        : 登录用户是：zhangsan
2020-01-06 15:41:18.189  INFO 29936 --- [http-nio-8888-exec-8] com.course.controller.UserManager        : 查询到的结果是：1
2020-01-06 15:41:18.189  INFO 29936 --- [http-nio-8888-exec-8] com.course.controller.UserManager        : 登录用户是：zhangsanerror
2020-01-06 15:55:21.138  INFO 29936 --- [http-nio-8888-exec-10] com.course.controller.UserManager        : 查询到的结果是：1
2020-01-06 15:55:21.139  INFO 29936 --- [http-nio-8888-exec-10] com.course.controller.UserManager        : 登录用户是：zhangsan
2020-01-06 15:55:21.193  INFO 29936 --- [http-nio-8888-exec-1] com.course.controller.UserManager        : 查询到的结果是：1
2020-01-06 15:55:21.194  INFO 29936 --- [http-nio-8888-exec-1] com.course.controller.UserManager        : 登录用户是：zhangsanerror
2020-01-06 15:56:10.185  INFO 29936 --- [http-nio-8888-exec-4] com.course.controller.UserManager        : 查询到的结果是：1
2020-01-06 15:56:10.185  INFO 29936 --- [http-nio-8888-exec-4] com.course.controller.UserManager        : 登录用户是：zhangsan
2020-01-06 15:56:10.231  INFO 29936 --- [http-nio-8888-exec-3] com.course.controller.UserManager        : 查询到的结果是：1
2020-01-06 15:56:10.231  INFO 29936 --- [http-nio-8888-exec-3] com.course.controller.UserManager        : 登录用户是：zhangsanerror
2020-01-06 16:02:48.879  INFO 29936 --- [http-nio-8888-exec-6] com.course.controller.UserManager        : 查询到的结果是：1
2020-01-06 16:02:48.879  INFO 29936 --- [http-nio-8888-exec-6] com.course.controller.UserManager        : 登录用户是：zhangsan
2020-01-06 16:02:48.930  INFO 29936 --- [http-nio-8888-exec-7] com.course.controller.UserManager        : 查询到的结果是：1
2020-01-06 16:02:48.931  INFO 29936 --- [http-nio-8888-exec-7] com.course.controller.UserManager        : 登录用户是：zhangsanerror
2020-01-06 16:10:09.423  INFO 29936 --- [http-nio-8888-exec-9] com.course.controller.UserManager        : 查询到的结果是：1
2020-01-06 16:10:09.423  INFO 29936 --- [http-nio-8888-exec-9] com.course.controller.UserManager        : 登录用户是：zhangsan
2020-01-06 16:10:09.554  INFO 29936 --- [http-nio-8888-exec-10] com.course.controller.UserManager        : 查询到的结果是：1
2020-01-06 16:10:09.555  INFO 29936 --- [http-nio-8888-exec-10] com.course.controller.UserManager        : 登录用户是：zhangsanerror
2020-01-06 16:10:09.628  INFO 29936 --- [http-nio-8888-exec-1] com.course.controller.UserManager        : cookies验证通过
2020-01-06 16:10:09.638  INFO 29936 --- [http-nio-8888-exec-1] com.course.controller.UserManager        : 添加用户数量是：1
2020-01-06 16:10:19.721  INFO 29936 --- [http-nio-8888-exec-2] com.course.controller.UserManager        : cookies验证通过
2020-01-06 16:10:19.817  INFO 29936 --- [http-nio-8888-exec-2] com.course.controller.UserManager        : 获取到的用户数量是3
2020-01-06 16:10:19.983  INFO 29936 --- [http-nio-8888-exec-4] com.course.controller.UserManager        : cookies验证通过
2020-01-06 16:10:19.986  INFO 29936 --- [http-nio-8888-exec-4] com.course.controller.UserManager        : 获取到的用户数量是1
2020-01-06 16:10:20.047  INFO 29936 --- [http-nio-8888-exec-3] com.course.controller.UserManager        : cookies验证通过
2020-01-06 16:10:20.058  INFO 29936 --- [http-nio-8888-exec-3] com.course.controller.UserManager        : 更新数据的条目数为：1
2020-01-06 16:10:30.094  INFO 29936 --- [http-nio-8888-exec-5] com.course.controller.UserManager        : cookies验证通过
2020-01-06 16:10:30.099  INFO 29936 --- [http-nio-8888-exec-5] com.course.controller.UserManager        : 更新数据的条目数为：1
2020-01-06 16:41:00.853  INFO 28112 --- [main] com.course.Application                   : Starting Application on DESKTOP-ASH3P1V with PID 28112 (started by zxs in C:\HS\12章和13章代码。可以跑通的\Chapter13)
2020-01-06 16:41:00.857  INFO 28112 --- [main] com.course.Application                   : No active profile set, falling back to default profiles: default
2020-01-06 16:41:00.922  INFO 28112 --- [main] ationConfigEmbeddedWebApplicationContext : Refreshing org.springframework.boot.context.embedded.AnnotationConfigEmbeddedWebApplicationContext@17046283: startup date [Mon Jan 06 16:41:00 CST 2020]; root of context hierarchy
2020-01-06 16:41:02.352  WARN 28112 --- [main] o.m.s.mapper.ClassPathMapperScanner      : No MyBatis mapper was found in '[com.course]' package. Please check your configuration.
2020-01-06 16:41:02.762  INFO 28112 --- [main] trationDelegate$BeanPostProcessorChecker : Bean 'org.springframework.transaction.annotation.ProxyTransactionManagementConfiguration' of type [org.springframework.transaction.annotation.ProxyTransactionManagementConfiguration$$EnhancerBySpringCGLIB$$4c8b0186] is not eligible for getting processed by all BeanPostProcessors (for example: not eligible for auto-proxying)
2020-01-06 16:41:03.018  INFO 28112 --- [main] s.b.c.e.t.TomcatEmbeddedServletContainer : Tomcat initialized with port(s): 8888 (http)
2020-01-06 16:41:03.025  INFO 28112 --- [main] o.apache.catalina.core.StandardService   : Starting service Tomcat
2020-01-06 16:41:03.026  INFO 28112 --- [main] org.apache.catalina.core.StandardEngine  : Starting Servlet Engine: Apache Tomcat/8.5.14
2020-01-06 16:41:03.109  INFO 28112 --- [localhost-startStop-1] o.a.c.c.C.[Tomcat].[localhost].[/]       : Initializing Spring embedded WebApplicationContext
2020-01-06 16:41:03.110  INFO 28112 --- [localhost-startStop-1] o.s.web.context.ContextLoader            : Root WebApplicationContext: initialization completed in 2188 ms
2020-01-06 16:41:03.218  INFO 28112 --- [localhost-startStop-1] o.s.b.w.servlet.ServletRegistrationBean  : Mapping servlet: 'dispatcherServlet' to [/]
2020-01-06 16:41:03.222  INFO 28112 --- [localhost-startStop-1] o.s.b.w.servlet.FilterRegistrationBean   : Mapping filter: 'characterEncodingFilter' to: [/*]
2020-01-06 16:41:03.222  INFO 28112 --- [localhost-startStop-1] o.s.b.w.servlet.FilterRegistrationBean   : Mapping filter: 'hiddenHttpMethodFilter' to: [/*]
2020-01-06 16:41:03.223  INFO 28112 --- [localhost-startStop-1] o.s.b.w.servlet.FilterRegistrationBean   : Mapping filter: 'httpPutFormContentFilter' to: [/*]
2020-01-06 16:41:03.223  INFO 28112 --- [localhost-startStop-1] o.s.b.w.servlet.FilterRegistrationBean   : Mapping filter: 'requestContextFilter' to: [/*]
2020-01-06 16:41:03.884  INFO 28112 --- [main] s.w.s.m.m.a.RequestMappingHandlerMapping : Mapped "{[/v1/getUserInfo],methods=[POST]}" onto public java.util.List<com.course.model.User> com.course.controller.UserManager.getUserInfo(javax.servlet.http.HttpServletRequest,com.course.model.User)
2020-01-06 16:41:03.886  INFO 28112 --- [main] s.w.s.m.m.a.RequestMappingHandlerMapping : Mapped "{[/v1/addUser],methods=[POST]}" onto public boolean com.course.controller.UserManager.addUser(javax.servlet.http.HttpServletRequest,com.course.model.User)
2020-01-06 16:41:03.886  INFO 28112 --- [main] s.w.s.m.m.a.RequestMappingHandlerMapping : Mapped "{[/v1/updateUserInfo],methods=[POST]}" onto public int com.course.controller.UserManager.updateUser(javax.servlet.http.HttpServletRequest,com.course.model.User)
2020-01-06 16:41:03.887  INFO 28112 --- [main] s.w.s.m.m.a.RequestMappingHandlerMapping : Mapped "{[/v1/login],methods=[POST]}" onto private java.lang.Boolean com.course.controller.UserManager.login(javax.servlet.http.HttpServletResponse,com.course.model.User)
2020-01-06 16:41:03.887  INFO 28112 --- [main] s.w.s.m.m.a.RequestMappingHandlerMapping : Mapped "{[/v2/api-docs],methods=[GET],produces=[application/json || application/hal+json]}" onto public org.springframework.http.ResponseEntity<springfox.documentation.spring.web.json.Json> springfox.documentation.swagger2.web.Swagger2Controller.getDocumentation(java.lang.String,javax.servlet.http.HttpServletRequest)
2020-01-06 16:41:03.890  INFO 28112 --- [main] s.w.s.m.m.a.RequestMappingHandlerMapping : Mapped "{[/swagger-resources/configuration/security]}" onto org.springframework.http.ResponseEntity<springfox.documentation.swagger.web.SecurityConfiguration> springfox.documentation.swagger.web.ApiResourceController.securityConfiguration()
2020-01-06 16:41:03.891  INFO 28112 --- [main] s.w.s.m.m.a.RequestMappingHandlerMapping : Mapped "{[/swagger-resources]}" onto org.springframework.http.ResponseEntity<java.util.List<springfox.documentation.swagger.web.SwaggerResource>> springfox.documentation.swagger.web.ApiResourceController.swaggerResources()
2020-01-06 16:41:03.891  INFO 28112 --- [main] s.w.s.m.m.a.RequestMappingHandlerMapping : Mapped "{[/swagger-resources/configuration/ui]}" onto org.springframework.http.ResponseEntity<springfox.documentation.swagger.web.UiConfiguration> springfox.documentation.swagger.web.ApiResourceController.uiConfiguration()
2020-01-06 16:41:03.893  INFO 28112 --- [main] s.w.s.m.m.a.RequestMappingHandlerMapping : Mapped "{[/error]}" onto public org.springframework.http.ResponseEntity<java.util.Map<java.lang.String, java.lang.Object>> org.springframework.boot.autoconfigure.web.BasicErrorController.error(javax.servlet.http.HttpServletRequest)
2020-01-06 16:41:03.894  INFO 28112 --- [main] s.w.s.m.m.a.RequestMappingHandlerMapping : Mapped "{[/error],produces=[text/html]}" onto public org.springframework.web.servlet.ModelAndView org.springframework.boot.autoconfigure.web.BasicErrorController.errorHtml(javax.servlet.http.HttpServletRequest,javax.servlet.http.HttpServletResponse)
2020-01-06 16:41:04.033  INFO 28112 --- [main] s.w.s.m.m.a.RequestMappingHandlerAdapter : Looking for @ControllerAdvice: org.springframework.boot.context.embedded.AnnotationConfigEmbeddedWebApplicationContext@17046283: startup date [Mon Jan 06 16:41:00 CST 2020]; root of context hierarchy
2020-01-06 16:41:04.080  INFO 28112 --- [main] o.s.w.s.handler.SimpleUrlHandlerMapping  : Mapped URL path [/webjars/**] onto handler of type [class org.springframework.web.servlet.resource.ResourceHttpRequestHandler]
2020-01-06 16:41:04.081  INFO 28112 --- [main] o.s.w.s.handler.SimpleUrlHandlerMapping  : Mapped URL path [/**] onto handler of type [class org.springframework.web.servlet.resource.ResourceHttpRequestHandler]
2020-01-06 16:41:04.128  INFO 28112 --- [main] o.s.w.s.handler.SimpleUrlHandlerMapping  : Mapped URL path [/**/favicon.ico] onto handler of type [class org.springframework.web.servlet.resource.ResourceHttpRequestHandler]
2020-01-06 16:41:04.387  INFO 28112 --- [main] o.s.j.e.a.AnnotationMBeanExporter        : Registering beans for JMX exposure on startup
2020-01-06 16:41:04.393  INFO 28112 --- [main] o.s.c.support.DefaultLifecycleProcessor  : Starting beans in phase 2147483647
2020-01-06 16:41:04.393  INFO 28112 --- [main] d.s.w.p.DocumentationPluginsBootstrapper : Context refreshed
2020-01-06 16:41:04.407  INFO 28112 --- [main] d.s.w.p.DocumentationPluginsBootstrapper : Found 1 custom documentation plugin(s)
2020-01-06 16:41:04.419  INFO 28112 --- [main] s.d.s.w.s.ApiListingReferenceScanner     : Scanning for api listing references
2020-01-06 16:41:04.676  INFO 28112 --- [main] s.b.c.e.t.TomcatEmbeddedServletContainer : Tomcat started on port(s): 8888 (http)
2020-01-06 16:41:04.686  INFO 28112 --- [main] com.course.Application                   : Started Application in 4.301 seconds (JVM running for 5.832)
2020-01-06 16:41:39.731  INFO 28112 --- [http-nio-8888-exec-1] o.a.c.c.C.[Tomcat].[localhost].[/]       : Initializing Spring FrameworkServlet 'dispatcherServlet'
2020-01-06 16:41:39.731  INFO 28112 --- [http-nio-8888-exec-1] o.s.web.servlet.DispatcherServlet        : FrameworkServlet 'dispatcherServlet': initialization started
2020-01-06 16:41:39.754  INFO 28112 --- [http-nio-8888-exec-1] o.s.web.servlet.DispatcherServlet        : FrameworkServlet 'dispatcherServlet': initialization completed in 22 ms
2020-01-06 16:41:40.787  INFO 28112 --- [http-nio-8888-exec-1] com.course.controller.UserManager        : 查询到的结果是：1
2020-01-06 16:41:40.788  INFO 28112 --- [http-nio-8888-exec-1] com.course.controller.UserManager        : 登录用户是：zhangsan
2020-01-06 16:41:40.920  INFO 28112 --- [http-nio-8888-exec-2] com.course.controller.UserManager        : 查询到的结果是：1
2020-01-06 16:41:40.921  INFO 28112 --- [http-nio-8888-exec-2] com.course.controller.UserManager        : 登录用户是：zhangsanerror
2020-01-06 16:41:40.987  INFO 28112 --- [http-nio-8888-exec-3] com.course.controller.UserManager        : cookies验证通过
2020-01-06 16:41:40.995  INFO 28112 --- [http-nio-8888-exec-3] com.course.controller.UserManager        : 添加用户数量是：1
2020-01-06 16:41:51.035  INFO 28112 --- [http-nio-8888-exec-4] com.course.controller.UserManager        : cookies验证通过
2020-01-06 16:41:51.054  INFO 28112 --- [http-nio-8888-exec-4] com.course.controller.UserManager        : 获取到的用户数量是4
2020-01-06 16:41:51.132  INFO 28112 --- [http-nio-8888-exec-5] com.course.controller.UserManager        : cookies验证通过
2020-01-06 16:41:51.134  INFO 28112 --- [http-nio-8888-exec-5] com.course.controller.UserManager        : 获取到的用户数量是1
2020-01-06 16:41:51.169  INFO 28112 --- [http-nio-8888-exec-6] com.course.controller.UserManager        : cookies验证通过
2020-01-06 16:41:51.175  INFO 28112 --- [http-nio-8888-exec-6] com.course.controller.UserManager        : 更新数据的条目数为：1
2020-01-06 16:42:01.221  INFO 28112 --- [http-nio-8888-exec-8] com.course.controller.UserManager        : cookies验证通过
2020-01-06 16:42:01.225  INFO 28112 --- [http-nio-8888-exec-8] com.course.controller.UserManager        : 更新数据的条目数为：1
